2016-04-04 12:13:23,764 JBC|Berol. Ms. Gall. Fol. 231
2016-04-04 12:13:23,765 JBC|European Journal of Biological Research. Vol. 5, 2015, no. 2
2016-04-04 12:13:23,765 JBC|European Journal of Biological Research. Vol. 5, 2015, no. 3
2016-04-04 12:13:23,765 JBC|Berol. Ms. Gall. Qu. 97
2016-04-04 12:13:23,765 JBC|Berol. Ms. Gall. Qu. 98
2016-04-04 12:13:23,764 JBC|Berol. Ms. Gall. Fol. 224
2016-04-06 11:15:40,940 JBC|Głos („Naprzód”). Organ centralny polskiej partyi socyalno-demokratycznej
2016-04-06 11:15:40,940 JBC|Głos („Naprzód”). Organ centralny polskiej partyi socyalno-demokratycznej
2016-04-06 11:15:40,940 JBC|Naprzód : organ centralny polskiej partyi socyalno-demokratycznej. 1914, nr 44 [nakład pierwszy skonfiskowany]
2016-04-06 11:15:40,940 JBC|Głos („Naprzód”). Organ centralny polskiej partyi socyalno-demokratycznej 44 [nakład pierwszy skonfiskowany]
2016-04-06 11:15:40,940 JBC|Naprzód : organ centralny polskiej partyi socyalno-demokratycznej. 1914, nr 43
2016-04-06 11:15:40,940 JBC|Naprzód : organ centralny polskiej partyi socyalno-demokratycznej. 1914, nr 42
2016-04-06 11:15:40,940 JBC|Naprzód : organ centralny polskiej partyi socyalno-demokratycznej. 1914, nr 41
2016-04-06 11:15:40,941 JBC|Naprzód : organ centralny polskiej partyi socyalno-demokratycznej. 1914, nr 39
2016-04-06 11:15:40,941 JBC|Naprzód : organ centralny polskiej partyi socyalno-demokratycznej. 1914, nr 38
2016-04-06 11:15:40,941 JBC|Naprzód : organ centralny polskiej partyi socyalno-demokratycznej. 1914, nr 37
2016-04-06 11:15:40,941 JBC|Naprzód : organ centralny polskiej partyi socyalno-demokratycznej. 1914, nr 36
2016-04-06 11:15:40,941 JBC|Naprzód : organ centralny polskiej partyi socyalno-demokratycznej. 1914, nr 35
2016-04-06 11:15:40,942 JBC|Naprzód : organ centralny polskiej partyi socyalno-demokratycznej. 1914, nr 34
2016-04-06 11:15:40,942 JBC|Naprzód : organ centralny polskiej partyi socyalno-demokratycznej. 1914, nr 33
2016-04-06 11:15:40,942 JBC|Naprzód : organ centralny polskiej partyi socyalno-demokratycznej. 1914, nr 31
2016-04-06 11:15:40,942 JBC|Naprzód : organ centralny polskiej partyi socyalno-demokratycznej. 1914, nr 30
2016-04-06 11:15:40,942 JBC|Naprzód : organ centralny polskiej partyi socyalno-demokratycznej. 1914, nr 29
2016-04-06 11:15:40,942 JBC|Naprzód : organ centralny polskiej partyi socyalno-demokratycznej. 1914, nr 28
2016-04-06 11:15:40,942 JBC|Naprzód : organ centralny polskiej partyi socyalno-demokratycznej. 1914, nr 27
2016-04-06 11:15:40,942 JBC|Naprzód : organ centralny polskiej partyi socyalno-demokratycznej. 1914, nr 26
2016-04-06 11:15:40,942 JBC|Naprzód : organ centralny polskiej partyi socyalno-demokratycznej. 1914, nr 23
2016-04-06 11:15:40,942 JBC|Naprzód : organ centralny polskiej partyi socyalno-demokratycznej. 1914, nr 22
2016-04-06 11:15:40,942 JBC|Naprzód : organ centralny polskiej partyi socyalno-demokratycznej. 1914, nr 21
2016-04-06 11:15:40,942 JBC|Naprzód : organ centralny polskiej partyi socyalno-demokratycznej. 1914, nr 20
2016-04-06 11:15:40,942 JBC|Naprzód : organ centralny polskiej partyi socyalno-demokratycznej. 1914, nr 19 [nakład pierwszy skonfiskowany]
2016-04-06 11:15:40,943 JBC|Naprzód : organ centralny polskiej partyi socyalno-demokratycznej. 1914, nr 17
2016-04-06 11:15:40,943 JBC|Naprzód : organ centralny polskiej partyi socyalno-demokratycznej. 1914, nr 16
2016-04-06 11:15:40,943 JBC|Naprzód : organ centralny polskiej partyi socyalno-demokratycznej. 1914, nr 15
2016-04-06 11:15:40,943 JBC|Naprzód : organ centralny polskiej partyi socyalno-demokratycznej. 1914, nr 14
2016-04-06 11:15:40,943 JBC|Naprzód : organ centralny polskiej partyi socyalno-demokratycznej. 1914, nr 13
2016-04-06 11:15:40,943 JBC|Naprzód : organ centralny polskiej partyi socyalno-demokratycznej. 1914, nr 12
2016-04-06 11:15:40,944 JBC|Naprzód : organ centralny polskiej partyi socyalno-demokratycznej. 1914, nr 11
2016-04-06 11:15:40,944 JBC|Naprzód : organ centralny polskiej partyi socyalno-demokratycznej. 1914, nr 10
2016-04-06 11:15:40,944 JBC|Naprzód : organ centralny polskiej partyi socyalno-demokratycznej. 1914, nr 9
2016-04-06 11:15:40,944 JBC|Naprzód : organ centralny polskiej partyi socyalno-demokratycznej. 1914, nr 8
2016-04-06 11:15:40,944 JBC|Naprzód : organ centralny polskiej partyi socyalno-demokratycznej. 1914, nr 7
2016-04-06 11:15:40,944 JBC|Naprzód : organ centralny polskiej partyi socyalno-demokratycznej. 1914, nr 6
2016-04-06 11:15:40,944 JBC|Naprzód : organ centralny polskiej partyi socyalno-demokratycznej. 1914, nr 5
2016-04-06 11:15:40,944 JBC|Naprzód : organ centralny polskiej partyi socyalno-demokratycznej. 1914, nr 4
2016-04-06 11:15:40,944 JBC|Naprzód : organ centralny polskiej partyi socyalno-demokratycznej. 1914, nr 3
2016-04-06 11:15:40,944 JBC|Naprzód : organ centralny polskiej partyi socyalno-demokratycznej. 1914, nr 2
2016-04-06 11:15:40,944 JBC|Naprzód : organ centralny polskiej partyi socyalno-demokratycznej. 1914, nr 1
2016-04-06 11:15:40,944 JBC|Biuletyn Urzędu Regulacji Energetyki. 2015, nr 3
2016-04-06 11:15:40,944 JBC|Biuletyn Urzędu Regulacji Energetyki. 2015, nr 2
2016-04-06 11:15:40,944 JBC|Biuletyn Urzędu Regulacji Energetyki. 2015, nr 1
2016-04-06 11:15:40,944 JBC|Biuletyn Urzędu Regulacji Energetyki. 2012, nr 4
2016-04-06 11:15:40,944 JBC|Biuletyn Urzędu Regulacji Energetyki. 2012, nr 3
2016-04-06 11:15:40,944 JBC|Biuletyn Urzędu Regulacji Energetyki. 2012, nr 2
2016-04-06 11:15:40,944 JBC|Biuletyn Urzędu Regulacji Energetyki. 2012, nr 1
2016-04-06 11:15:40,944 JBC|Biuletyn Urzędu Regulacji Energetyki. 2011, nr 4
2016-04-06 11:15:40,944 JBC|Biuletyn Urzędu Regulacji Energetyki. 2011, nr 3
2016-04-06 11:15:40,944 JBC|Biuletyn Urzędu Regulacji Energetyki. 2011, nr 2
2016-04-06 11:15:40,945 JBC|Biuletyn Urzędu Regulacji Energetyki. 2011, nr 1
2016-04-06 11:15:40,945 JBC|2014, Közép-Európai Közlemények : történészek, geográfusok és regionalisták folyóirata. Evf. 7, 2014, sz. 1
2016-04-06 11:15:40,945 JBC|Közép-Európai Közlemények : történészek, geográfusok és regionalisták folyóirata. Evf. 6, 2013, sz. 4
2016-04-06 11:15:40,945 JBC|Közép-Európai Közlemények : történészek, geográfusok és regionalisták folyóirata. Evf. 6, 2013, sz. 3
2016-04-06 11:15:40,942 JBC|Naprzód : organ centralny polskiej partyi socyalno-demokratycznej. 1914, nr 18
2016-04-06 11:15:40,945 JBC|Naprzód : organ centralny polskiej partyi socyalno-demokratycznej. 1914, nr 24
2016-04-06 11:15:40,942 JBC|Naprzód : organ centralny polskiej partyi socyalno-demokratycznej. 1914, nr 25
2016-04-06 11:15:40,942 JBC|Naprzód : organ centralny polskiej partyi socyalno-demokratycznej. 1914, nr 32
2016-04-06 11:15:40,940 JBC|Naprzód : organ centralny polskiej partyi socyalno-demokratycznej. 1914, nr 40
2016-04-06 11:15:40,951 JBC|Głos („Naprzód”). Organ centralny polskiej partyi socyalno-demokratycznej
2016-04-06 11:15:40,951 JBC|Głos („Naprzód”). Organ centralny polskiej partyi socyalno-demokratycznej
2016-04-06 11:15:40,951 JBC|Głos („Naprzód”). Organ centralny polskiej partyi socyalno-demokratycznej
2016-04-06 11:15:40,951 JBC|Głos („Naprzód”). Organ centralny polskiej partyi socyalno-demokratycznej
2016-04-06 11:15:40,951 JBC|Głos („Naprzód”). Organ centralny polskiej partyi socyalno-demokratycznej
2016-04-06 11:15:40,952 JBC|Głos („Naprzód”). Organ centralny polskiej partyi socyalno-demokratycznej
2016-04-06 11:15:40,952 JBC|Głos („Naprzód”). Organ centralny polskiej partyi socyalno-demokratycznej
2016-04-06 11:15:40,952 JBC|Głos („Naprzód”). Organ centralny polskiej partyi socyalno-demokratycznej
2016-04-06 11:15:40,952 JBC|Głos („Naprzód”). Organ centralny polskiej partyi socyalno-demokratycznej
2016-04-06 11:15:40,953 JBC|Głos („Naprzód”). Organ centralny polskiej partyi socyalno-demokratycznej
2016-04-06 11:15:40,953 JBC|Głos („Naprzód”). Organ centralny polskiej partyi socyalno-demokratycznej
2016-04-06 11:15:40,953 JBC|Głos („Naprzód”). Organ centralny polskiej partyi socyalno-demokratycznej
2016-04-06 11:15:40,953 JBC|Głos („Naprzód”). Organ centralny polskiej partyi socyalno-demokratycznej
2016-04-06 11:15:40,953 JBC|Głos („Naprzód”). Organ centralny polskiej partyi socyalno-demokratycznej
2016-04-06 11:15:40,953 JBC|Głos („Naprzód”). Organ centralny polskiej partyi socyalno-demokratycznej
2016-04-06 11:15:40,953 JBC|Głos („Naprzód”). Organ centralny polskiej partyi socyalno-demokratycznej
2016-04-06 11:15:40,953 JBC|Głos („Naprzód”). Organ centralny polskiej partyi socyalno-demokratycznej
2016-04-06 11:15:40,953 JBC|Głos („Naprzód”). Organ centralny polskiej partyi socyalno-demokratycznej
2016-04-06 11:15:40,953 JBC|Głos („Naprzód”). Organ centralny polskiej partyi socyalno-demokratycznej
2016-04-06 11:15:40,953 JBC|Głos („Naprzód”). Organ centralny polskiej partyi socyalno-demokratycznej
2016-04-06 11:15:40,953 JBC|Głos („Naprzód”). Organ centralny polskiej partyi socyalno-demokratycznej
2016-04-06 11:56:50,127 JBC|Naprzód : organ centralny polskiej partyi socyalno-demokratycznej. 1914, nr 66
2016-04-06 11:56:50,128 JBC|Naprzód : organ centralny polskiej partyi socyalno-demokratycznej. 1914, nr 65
2016-04-06 11:56:50,128 JBC|Naprzód : organ centralny polskiej partyi socyalno-demokratycznej. 1914, nr 64
2016-04-06 11:56:50,128 JBC|Naprzód : organ centralny polskiej partyi socyalno-demokratycznej. 1914, nr 63
2016-04-06 11:56:50,128 JBC|Naprzód : organ centralny polskiej partyi socyalno-demokratycznej. 1914, nr 62
2016-04-06 11:56:50,128 JBC|Naprzód : organ centralny polskiej partyi socyalno-demokratycznej. 1914, nr 61
2016-04-06 11:56:50,128 JBC|Naprzód : organ centralny polskiej partyi socyalno-demokratycznej. 1914, nr 60
2016-04-06 11:56:50,128 JBC|Naprzód : organ centralny polskiej partyi socyalno-demokratycznej. 1914, nr 59
2016-04-06 11:56:50,128 JBC|Naprzód : organ centralny polskiej partyi socyalno-demokratycznej. 1914, nr 58
2016-04-06 11:56:50,128 JBC|Naprzód : organ centralny polskiej partyi socyalno-demokratycznej. 1914, nr 57
2016-04-06 11:56:50,128 JBC|Naprzód : organ centralny polskiej partyi socyalno-demokratycznej. 1914, nr 56
2016-04-06 11:56:50,128 JBC|Naprzód : organ centralny polskiej partyi socyalno-demokratycznej. 1914, nr 55
2016-04-06 11:56:50,128 JBC|Naprzód : organ centralny polskiej partyi socyalno-demokratycznej. 1914, nr 54
2016-04-06 11:56:50,128 JBC|Naprzód : organ centralny polskiej partyi socyalno-demokratycznej. 1914, nr 53
2016-04-06 11:56:50,128 JBC|Naprzód : organ centralny polskiej partyi socyalno-demokratycznej. 1914, nr 52
2016-04-06 11:56:50,128 JBC|Naprzód : organ centralny polskiej partyi socyalno-demokratycznej. 1914, nr 51
2016-04-06 11:56:50,128 JBC|Naprzód : organ centralny polskiej partyi socyalno-demokratycznej. 1914, nr 50
2016-04-06 11:56:50,128 JBC|Naprzód : organ centralny polskiej partyi socyalno-demokratycznej. 1914, nr 49
2016-04-06 11:56:50,129 JBC|Naprzód : organ centralny polskiej partyi socyalno-demokratycznej. 1914, nr 47
2016-04-06 11:56:50,129 JBC|Naprzód : organ centralny polskiej partyi socyalno-demokratycznej. 1914, nr 46
2016-04-06 11:56:50,129 JBC|Naprzód : organ centralny polskiej partyi socyalno-demokratycznej. 1914, nr 45
2016-04-06 11:56:50,135 JBC|Naprzód : organ centralny polskiej partyi socyalno-demokratycznej. 1914, nr 48
2016-04-06 11:56:50,135 JBC|Naprzód : organ centralny polskiej partyi socyalno-demokratycznej. 1914, nr 67
2016-04-06 12:36:27,567 JBC|Naprzód : organ centralny polskiej partyi socyalno-demokratycznej. 1914, nr 71 [po konfiskacie nakład drugi]
2016-04-06 12:36:27,567 JBC|Naprzód : organ centralny polskiej partyi socyalno-demokratycznej. 1914, nr 160
2016-04-06 12:36:27,568 JBC|Naprzód : organ centralny polskiej partyi socyalno-demokratycznej. 1914, nr 159
2016-04-06 12:36:27,568 JBC|Naprzód : organ centralny polskiej partyi socyalno-demokratycznej. 1914, nr 158
2016-04-06 12:36:27,568 JBC|Naprzód : organ centralny polskiej partyi socyalno-demokratycznej. 1914, nr 157
2016-04-06 12:36:27,568 JBC|Naprzód : organ centralny polskiej partyi socyalno-demokratycznej. 1914, nr 156
2016-04-06 12:36:27,568 JBC|Naprzód : organ centralny polskiej partyi socyalno-demokratycznej. 1914, nr 155
2016-04-06 12:36:27,568 JBC|Naprzód : organ centralny polskiej partyi socyalno-demokratycznej. 1914, nr 154
2016-04-06 12:36:27,568 JBC|Naprzód : organ centralny polskiej partyi socyalno-demokratycznej. 1914, nr 153
2016-04-06 12:36:27,568 JBC|Naprzód : organ centralny polskiej partyi socyalno-demokratycznej. 1914, nr 152
2016-04-06 12:36:27,568 JBC|Naprzód : organ centralny polskiej partyi socyalno-demokratycznej. 1914, nr 151
2016-04-06 12:36:27,568 JBC|Naprzód : organ centralny polskiej partyi socyalno-demokratycznej. 1914, nr 150
2016-04-06 12:36:27,568 JBC|Naprzód : organ centralny polskiej partyi socyalno-demokratycznej. 1914, nr 149
2016-04-06 12:36:27,568 JBC|Naprzód : organ centralny polskiej partyi socyalno-demokratycznej. 1914, nr 148
2016-04-06 12:36:27,568 JBC|Naprzód : organ centralny polskiej partyi socyalno-demokratycznej. 1914, nr 147
2016-04-06 12:36:27,568 JBC|Naprzód : organ centralny polskiej partyi socyalno-demokratycznej. 1914, nr 146
2016-04-06 12:36:27,568 JBC|Naprzód : organ centralny polskiej partyi socyalno-demokratycznej. 1914, nr 145
2016-04-06 12:36:27,568 JBC|Naprzód : organ centralny polskiej partyi socyalno-demokratycznej. 1914, nr 144
2016-04-06 12:36:27,568 JBC|Naprzód : organ centralny polskiej partyi socyalno-demokratycznej. 1914, nr 143
2016-04-06 12:36:27,568 JBC|Naprzód : organ centralny polskiej partyi socyalno-demokratycznej. 1914, nr 142
2016-04-06 12:36:27,568 JBC|Naprzód : organ centralny polskiej partyi socyalno-demokratycznej. 1914, nr 141
2016-04-06 12:36:27,569 JBC|Naprzód : organ centralny polskiej partyi socyalno-demokratycznej. 1914, nr 140
2016-04-06 12:36:27,569 JBC|Naprzód : organ centralny polskiej partyi socyalno-demokratycznej. 1914, nr 139
2016-04-06 12:36:27,569 JBC|Naprzód : organ centralny polskiej partyi socyalno-demokratycznej. 1914, nr 138
2016-04-06 12:36:27,569 JBC|Naprzód : organ centralny polskiej partyi socyalno-demokratycznej. 1914, nr 137
2016-04-06 12:36:27,569 JBC|Naprzód : organ centralny polskiej partyi socyalno-demokratycznej. 1914, nr 136
2016-04-06 12:36:27,569 JBC|Naprzód : organ centralny polskiej partyi socyalno-demokratycznej. 1914, nr 135
2016-04-06 12:36:27,569 JBC|Naprzód : organ centralny polskiej partyi socyalno-demokratycznej. 1914, nr 134
2016-04-06 12:36:27,569 JBC|Naprzód : organ centralny polskiej partyi socyalno-demokratycznej. 1914, nr 133
2016-04-06 12:36:27,569 JBC|Naprzód : organ centralny polskiej partyi socyalno-demokratycznej. 1914, nr 131
2016-04-06 12:36:27,569 JBC|Naprzód : organ centralny polskiej partyi socyalno-demokratycznej. 1914, nr 130 [nakład pierwszy skonfiskowany]
2016-04-06 12:36:27,569 JBC|Naprzód : organ centralny polskiej partyi socyalno-demokratycznej. 1914, nr 129
2016-04-06 12:36:27,569 JBC|Naprzód : organ centralny polskiej partyi socyalno-demokratycznej. 1914, nr 128
2016-04-06 12:36:27,569 JBC|Naprzód : organ centralny polskiej partyi socyalno-demokratycznej. 1914, nr 127
2016-04-06 12:36:27,569 JBC|Naprzód : organ centralny polskiej partyi socyalno-demokratycznej. 1914, nr 126
2016-04-06 12:36:27,569 JBC|Naprzód : organ centralny polskiej partyi socyalno-demokratycznej. 1914, nr 125
2016-04-06 12:36:27,569 JBC|Naprzód : organ centralny polskiej partyi socyalno-demokratycznej. 1914, nr 124
2016-04-06 12:36:27,569 JBC|Naprzód : organ centralny polskiej partyi socyalno-demokratycznej. 1914, nr 123
2016-04-06 12:36:27,569 JBC|Naprzód : organ centralny polskiej partyi socyalno-demokratycznej. 1914, nr 122
2016-04-06 12:36:27,569 JBC|Naprzód : organ centralny polskiej partyi socyalno-demokratycznej. 1914, nr 121
2016-04-06 12:36:27,569 JBC|Naprzód : organ centralny polskiej partyi socyalno-demokratycznej. 1914, nr 120
2016-04-06 12:36:27,570 JBC|Naprzód : organ centralny polskiej partyi socyalno-demokratycznej. 1914, nr 119
2016-04-06 12:36:27,570 JBC|Naprzód : organ centralny polskiej partyi socyalno-demokratycznej. 1914, nr 118 [po konfiskacie nakład drugi]
2016-04-06 12:36:27,570 JBC|Naprzód : organ centralny polskiej partyi socyalno-demokratycznej. 1914, nr 118 [nakład pierwszy skonfiskowany]
2016-04-06 12:36:27,570 JBC|Naprzód : organ centralny polskiej partyi socyalno-demokratycznej. 1914, nr 117
2016-04-06 12:36:27,570 JBC|Naprzód : organ centralny polskiej partyi socyalno-demokratycznej. 1914, nr 116
2016-04-06 12:36:27,570 JBC|Naprzód : organ centralny polskiej partyi socyalno-demokratycznej. 1914, nr 115
2016-04-06 12:36:27,570 JBC|Naprzód : organ centralny polskiej partyi socyalno-demokratycznej. 1914, nr 114
2016-04-06 12:36:27,570 JBC|Naprzód : organ centralny polskiej partyi socyalno-demokratycznej. 1914, nr 113
2016-04-06 12:36:27,570 JBC|Naprzód : organ centralny polskiej partyi socyalno-demokratycznej. 1914, nr 111
2016-04-06 12:36:27,570 JBC|Naprzód : organ centralny polskiej partyi socyalno-demokratycznej. 1914, nr 110
2016-04-06 12:36:27,570 JBC|Naprzód : organ centralny polskiej partyi socyalno-demokratycznej. 1914, nr 109
2016-04-06 12:36:27,570 JBC|Naprzód : organ centralny polskiej partyi socyalno-demokratycznej. 1914, nr 108
2016-04-06 12:36:27,571 JBC|Naprzód : organ centralny polskiej partyi socyalno-demokratycznej. 1914, nr 107
2016-04-06 12:36:27,571 JBC|Naprzód : organ centralny polskiej partyi socyalno-demokratycznej. 1914, nr 106
2016-04-06 12:36:27,571 JBC|Naprzód : organ centralny polskiej partyi socyalno-demokratycznej. 1914, nr 105
2016-04-06 12:36:27,571 JBC|Naprzód : organ centralny polskiej partyi socyalno-demokratycznej. 1914, nr 104
2016-04-06 12:36:27,571 JBC|Naprzód : organ centralny polskiej partyi socyalno-demokratycznej. 1914, nr 103
2016-04-06 12:36:27,571 JBC|Naprzód : organ centralny polskiej partyi socyalno-demokratycznej. 1914, nr 102
2016-04-06 12:36:27,571 JBC|Naprzód : organ centralny polskiej partyi socyalno-demokratycznej. 1914, nr 101
2016-04-06 12:36:27,571 JBC|Naprzód : organ centralny polskiej partyi socyalno-demokratycznej. 1914, nr 100
2016-04-06 12:36:27,571 JBC|Naprzód : organ centralny polskiej partyi socyalno-demokratycznej. 1914, nr 99
2016-04-06 12:36:27,571 JBC|Naprzód : organ centralny polskiej partyi socyalno-demokratycznej. 1914, nr 98
2016-04-06 12:36:27,571 JBC|Naprzód : organ centralny polskiej partyi socyalno-demokratycznej. 1914, nr 97
2016-04-06 12:36:27,571 JBC|Naprzód : organ centralny polskiej partyi socyalno-demokratycznej. 1914, nr 96
2016-04-06 12:36:27,571 JBC|Naprzód : organ centralny polskiej partyi socyalno-demokratycznej. 1914, nr 95
2016-04-06 12:36:27,571 JBC|Naprzód : organ centralny polskiej partyi socyalno-demokratycznej. 1914, nr 94
2016-04-06 12:36:27,571 JBC|Naprzód : organ centralny polskiej partyi socyalno-demokratycznej. 1914, nr 93
2016-04-06 12:36:27,571 JBC|Naprzód : organ centralny polskiej partyi socyalno-demokratycznej. 1914, nr 92
2016-04-06 12:36:27,571 JBC|Naprzód : organ centralny polskiej partyi socyalno-demokratycznej. 1914, nr 91
2016-04-06 12:36:27,572 JBC|Naprzód : organ centralny polskiej partyi socyalno-demokratycznej. 1914, nr 90
2016-04-06 12:36:27,572 JBC|Naprzód : organ centralny polskiej partyi socyalno-demokratycznej. 1914, nr 89
2016-04-06 12:36:27,572 JBC|Naprzód : organ centralny polskiej partyi socyalno-demokratycznej. 1914, nr 88
2016-04-06 12:36:27,572 JBC|Naprzód : organ centralny polskiej partyi socyalno-demokratycznej. 1914, nr 87
2016-04-06 12:36:27,572 JBC|Naprzód : organ centralny polskiej partyi socyalno-demokratycznej. 1914, nr 86
2016-04-06 12:36:27,572 JBC|Naprzód : organ centralny polskiej partyi socyalno-demokratycznej. 1914, nr 85
2016-04-06 12:36:27,572 JBC|Naprzód : organ centralny polskiej partyi socyalno-demokratycznej. 1914, nr 84
2016-04-06 12:36:27,572 JBC|Naprzód : organ centralny polskiej partyi socyalno-demokratycznej. 1914, nr 83
2016-04-06 12:36:27,572 JBC|Naprzód : organ centralny polskiej partyi socyalno-demokratycznej. 1914, nr 82 [po konfiskacie nakład drugi]
2016-04-06 12:36:27,572 JBC|Naprzód : organ centralny polskiej partyi socyalno-demokratycznej. 1914, nr 132
2016-04-06 12:36:27,570 JBC|Naprzód : organ centralny polskiej partyi socyalno-demokratycznej. 1914, nr 112
2016-04-06 12:36:27,579 JBC|Naprzód : organ centralny polskiej partyi socyalno-demokratycznej. 1914, nr 71 [nakład pierwszy skonfiskowany]
2016-04-06 12:36:27,579 JBC|Naprzód : organ centralny polskiej partyi socyalno-demokratycznej. 1914, nr 178 (wydanie poranne)
2016-04-06 12:36:27,579 JBC|Naprzód : organ centralny polskiej partyi socyalno-demokratycznej. 1914, nr 177 (wydanie wieczorne)
2016-04-06 12:36:27,579 JBC|Naprzód : organ centralny polskiej partyi socyalno-demokratycznej. 1914, nr 176
2016-04-06 12:36:27,579 JBC|Naprzód : organ centralny polskiej partyi socyalno-demokratycznej. 1914, nr 175
2016-04-06 12:36:27,579 JBC|Naprzód : organ centralny polskiej partyi socyalno-demokratycznej. 1914, nr 174
2016-04-06 12:36:27,579 JBC|Naprzód : organ centralny polskiej partyi socyalno-demokratycznej. 1914, nr 173
2016-04-06 12:36:27,579 JBC|Naprzód : organ centralny polskiej partyi socyalno-demokratycznej. 1914, nr 172
2016-04-06 12:36:27,580 JBC|Naprzód : organ centralny polskiej partyi socyalno-demokratycznej. 1914, nr 171
2016-04-06 12:36:27,580 JBC|Naprzód : organ centralny polskiej partyi socyalno-demokratycznej. 1914, nr 170
2016-04-06 12:36:27,580 JBC|Naprzód : organ centralny polskiej partyi socyalno-demokratycznej. 1914, nr 169
2016-04-06 12:36:27,580 JBC|Naprzód : organ centralny polskiej partyi socyalno-demokratycznej. 1914, nr 161
2016-04-06 12:36:27,581 JBC|Naprzód : organ centralny polskiej partyi socyalno-demokratycznej. 1914, nr 162
2016-04-06 12:36:27,581 JBC|Naprzód : organ centralny polskiej partyi socyalno-demokratycznej. 1914, nr 163
2016-04-06 12:36:27,581 JBC|Naprzód : organ centralny polskiej partyi socyalno-demokratycznej. 1914, nr 164
2016-04-06 12:36:27,581 JBC|Naprzód : organ centralny polskiej partyi socyalno-demokratycznej. 1914, nr 165
2016-04-06 12:36:27,581 JBC|Naprzód : organ centralny polskiej partyi socyalno-demokratycznej. 1914, nr 166
2016-04-06 12:36:27,581 JBC|Naprzód : organ centralny polskiej partyi socyalno-demokratycznej. 1914, nr 167
2016-04-06 12:36:27,581 JBC|Naprzód : organ centralny polskiej partyi socyalno-demokratycznej. 1914, nr 168
2016-04-06 13:52:53,071 JBC|Rodzinka, Marcin., HIV i AIDS twój przewodnik
2016-04-06 13:52:53,071 JBC|Innowacje 2013 innowacje łódzkie 2013 : budowa społeczeństwa informacyjnego w regionach : perspektywa końca okresu programowania 2007-2013 : praca zbiorowa
2016-04-06 13:52:53,058 JBC|Rak, Agata., A serce swoje prawa ma... aforyzmy
