12:34:46.499 [main] ERROR com.epam.robot.url.Downloader - java.net.UnknownHostException: www.dsdssdsd.pl
12:39:04.261 [main] ERROR com.epam.robot.url.Downloader - java.net.UnknownHostException: www.dsdssdsd.pl
12:39:34.575 [main] ERROR com.epam.robot.url.Downloader - java.net.UnknownHostException: www.dsdssdsd.pl
12:40:20.208 [main] ERROR com.epam.robot.url.Downloader - java.net.UnknownHostException: www.dsdssdsd.pl
12:41:28.684 [main] ERROR com.epam.robot.url.Downloader - java.net.UnknownHostException: www.dsdssdsd.pl
12:43:20.588 [main] ERROR com.epam.robot.url.Downloader - java.net.UnknownHostException: www.dsdssdsd.pl
12:43:21.269 [main] ERROR com.epam.robot.url.Downloader - java.net.UnknownHostException: www.dsdssdsd.pl
12:43:34.025 [main] ERROR com.epam.robot.url.Downloader - java.net.UnknownHostException: www.dsdssdsd.pl
12:59:40.155 [main] ERROR com.epam.robot.url.Downloader - java.net.UnknownHostException: www.dsdssdsd.pl
13:00:03.709 [main] ERROR com.epam.robot.url.Downloader - java.net.UnknownHostException: www.dsdssdsd.pl
13:08:45.854 [main] ERROR com.epam.robot.url.Downloader - java.net.UnknownHostException: www.dsdssdsd.pl
13:09:03.960 [main] ERROR com.epam.robot.url.Downloader - java.net.UnknownHostException: www.dsdssdsd.pl
13:14:04.072 [main] ERROR com.epam.robot.url.Downloader - java.net.UnknownHostException: www.dsdssdsd.pl
13:14:09.846 [main] ERROR com.epam.robot.url.Downloader - java.net.UnknownHostException: www.dsdssdsd.pl
13:16:03.666 [main] ERROR com.epam.robot.url.Downloader - java.net.UnknownHostException: www.dsdssdsd.pl
13:16:07.799 [main] ERROR com.epam.robot.url.Downloader - java.net.UnknownHostException: www.dsdssdsd.pl
13:17:22.813 [main] ERROR com.epam.robot.url.Downloader - java.net.UnknownHostException: www.dsdssdsd.pl
13:21:05.534 [main] ERROR com.epam.robot.url.Downloader - java.net.UnknownHostException: www.dsdssdsd.pl
13:43:26.536 [main] ERROR com.epam.robot.url.Downloader - java.net.UnknownHostException: www.dsdssdsd.pl
16:14:30.110 [main] ERROR com.epam.robot.url.Downloader - java.net.UnknownHostException: www.xsxs.pl
16:19:13.049 [main] INFO  Starting logger - Search performed
11:44:12.749 [main] ERROR com.epam.robot.url.Downloader - java.net.UnknownHostException: www.xsxs.pl
12:08:50.788 [main] INFO  Starting logger - Search performed
12:13:22.576 [main] INFO  Starting logger - Search performed
12:13:23.765 [Thread-48] INFO  com.epam.robot.library.BooksLogger - JBC|European Journal of Biological Research. Vol. 5, 2015, no. 2
12:13:23.765 [Thread-36] INFO  com.epam.robot.library.BooksLogger - JBC|European Journal of Biological Research. Vol. 5, 2015, no. 3
12:13:23.765 [Thread-41] INFO  com.epam.robot.library.BooksLogger - JBC|Berol. Ms. Gall. Qu. 97
12:13:23.765 [Thread-51] INFO  com.epam.robot.library.BooksLogger - JBC|Berol. Ms. Gall. Qu. 98
12:13:23.764 [Thread-55] INFO  com.epam.robot.library.BooksLogger - JBC|Berol. Ms. Gall. Fol. 224
12:13:23.764 [Thread-58] INFO  com.epam.robot.library.BooksLogger - JBC|Berol. Ms. Gall. Fol. 231
